<?xml version="1.0" encoding="UTF-8"?>
<!-- Generated by org.testng.reporters.JUnitXMLReporter -->
<testsuite ignored="1" hostname="Mansur-Mahamud" failures="0" tests="2" name="Default test" time="154.563" errors="0" timestamp="2026-03-08T11:06:01 GMT+06:00">
  <testcase classname="tests.LoginTest" name="loginTestWithInvalidCradentials" time="122.675"/>
  <testcase classname="tests.LoginTest" name="loginTestWithInvalidCradentials" time="10.312"/>
  <testcase classname="tests.LoginTest" name="loginTestWithValidCradentials" time="0.0">
    <ignored/>
  </testcase> <!-- loginTestWithValidCradentials -->
</testsuite> <!-- Default test -->
