<?xml version="1.0" encoding="UTF-8"?>
<!-- Generated by org.testng.reporters.JUnitXMLReporter -->
<testsuite ignored="0" hostname="Mansur-Mahamud" failures="0" tests="4" name="Sanity_Chrome_Test" time="27.643" errors="0" timestamp="2026-03-08T18:54:14 GMT+06:00">
  <testcase classname="tests.LoginTest" name="loginTestWithInvalidCradentials" time="0.969"/>
  <testcase classname="tests.LoginTest" name="loginTestWithInvalidCradentials" time="0.946"/>
  <testcase classname="tests.LoginTest" name="loginTestWithValidCradentials" time="1.433"/>
  <testcase classname="tests.LoginTest" name="loginTestWithValidCradentials" time="1.463"/>
</testsuite> <!-- Sanity_Chrome_Test -->
