<?xml version="1.0" encoding="UTF-8"?>
<!-- Generated by org.testng.reporters.JUnitXMLReporter -->
<testsuite ignored="0" hostname="Mansur-Mahamud" failures="0" tests="4" name="Test" time="54.355" errors="0" timestamp="2026-03-08T11:11:30 GMT+06:00">
  <testcase classname="tests.LoginTest" name="loginTestWithInvalidCradentials" time="5.098"/>
  <testcase classname="tests.LoginTest" name="loginTestWithInvalidCradentials" time="4.92"/>
  <testcase classname="tests.LoginTest" name="loginTestWithValidCradentials" time="5.622"/>
  <testcase classname="tests.LoginTest" name="loginTestWithValidCradentials" time="5.628"/>
</testsuite> <!-- Test -->
