<?xml version="1.0" encoding="UTF-8"?>
<testng-results ignored="0" total="4" passed="4" failed="0" skipped="0">
  <reporter-output>
  </reporter-output>
  <suite started-at="2026-03-08T11:10:36 GMT+06:00" name="Suite" finished-at="2026-03-08T11:11:30 GMT+06:00" duration-ms="54355">
    <groups>
    </groups>
    <test started-at="2026-03-08T11:10:36 GMT+06:00" name="Test" finished-at="2026-03-08T11:11:30 GMT+06:00" duration-ms="54355">
      <class name="tests.LoginTest">
        <test-method is-config="true" signature="setup()[pri:0, instance:tests.LoginTest@5ae50ce6]" started-at="2026-03-08T11:10:36 GMT+06:00" name="setup" finished-at="2026-03-08T11:10:51 GMT+06:00" duration-ms="15547" status="PASS">
          <reporter-output>
          </reporter-output>
        </test-method> <!-- setup -->
        <test-method signature="loginTestWithInvalidCradentials(java.lang.String,java.lang.String)[pri:0, instance:tests.LoginTest@5ae50ce6]" started-at="2026-03-08T11:10:51 GMT+06:00" name="loginTestWithInvalidCradentials" data-provider="loginInvalidData" finished-at="2026-03-08T11:10:56 GMT+06:00" duration-ms="5098" status="PASS">
          <params>
            <param index="0">
              <value>
                <![CDATA[mansurworkplace@gmail.com]]>
              </value>
            </param>
            <param index="1">
              <value>
                <![CDATA[121212]]>
              </value>
            </param>
          </params>
          <reporter-output>
          </reporter-output>
        </test-method> <!-- loginTestWithInvalidCradentials -->
        <test-method is-config="true" signature="tearDown()[pri:0, instance:tests.LoginTest@5ae50ce6]" started-at="2026-03-08T11:10:56 GMT+06:00" name="tearDown" finished-at="2026-03-08T11:10:57 GMT+06:00" duration-ms="574" status="PASS">
          <reporter-output>
          </reporter-output>
        </test-method> <!-- tearDown -->
        <test-method is-config="true" signature="setup()[pri:0, instance:tests.LoginTest@5ae50ce6]" started-at="2026-03-08T11:10:57 GMT+06:00" name="setup" finished-at="2026-03-08T11:11:03 GMT+06:00" duration-ms="5775" status="PASS">
          <reporter-output>
          </reporter-output>
        </test-method> <!-- setup -->
        <test-method signature="loginTestWithInvalidCradentials(java.lang.String,java.lang.String)[pri:0, instance:tests.LoginTest@5ae50ce6]" started-at="2026-03-08T11:11:03 GMT+06:00" name="loginTestWithInvalidCradentials" data-provider="loginInvalidData" finished-at="2026-03-08T11:11:08 GMT+06:00" duration-ms="4920" status="PASS">
          <params>
            <param index="0">
              <value>
                <![CDATA[mansurworkplace@yahoo.com]]>
              </value>
            </param>
            <param index="1">
              <value>
                <![CDATA[123456]]>
              </value>
            </param>
          </params>
          <reporter-output>
          </reporter-output>
        </test-method> <!-- loginTestWithInvalidCradentials -->
        <test-method is-config="true" signature="tearDown()[pri:0, instance:tests.LoginTest@5ae50ce6]" started-at="2026-03-08T11:11:08 GMT+06:00" name="tearDown" finished-at="2026-03-08T11:11:08 GMT+06:00" duration-ms="508" status="PASS">
          <reporter-output>
          </reporter-output>
        </test-method> <!-- tearDown -->
        <test-method is-config="true" signature="setup()[pri:0, instance:tests.LoginTest@5ae50ce6]" started-at="2026-03-08T11:11:08 GMT+06:00" name="setup" finished-at="2026-03-08T11:11:13 GMT+06:00" duration-ms="4811" status="PASS">
          <reporter-output>
          </reporter-output>
        </test-method> <!-- setup -->
        <test-method signature="loginTestWithValidCradentials(java.lang.String,java.lang.String)[pri:0, instance:tests.LoginTest@5ae50ce6]" started-at="2026-03-08T11:11:13 GMT+06:00" name="loginTestWithValidCradentials" data-provider="loginValidData" finished-at="2026-03-08T11:11:19 GMT+06:00" duration-ms="5622" status="PASS">
          <params>
            <param index="0">
              <value>
                <![CDATA[mansurworkplace@gmail.com]]>
              </value>
            </param>
            <param index="1">
              <value>
                <![CDATA[123456]]>
              </value>
            </param>
          </params>
          <reporter-output>
          </reporter-output>
        </test-method> <!-- loginTestWithValidCradentials -->
        <test-method is-config="true" signature="tearDown()[pri:0, instance:tests.LoginTest@5ae50ce6]" started-at="2026-03-08T11:11:19 GMT+06:00" name="tearDown" finished-at="2026-03-08T11:11:19 GMT+06:00" duration-ms="463" status="PASS">
          <reporter-output>
          </reporter-output>
        </test-method> <!-- tearDown -->
        <test-method is-config="true" signature="setup()[pri:0, instance:tests.LoginTest@5ae50ce6]" started-at="2026-03-08T11:11:19 GMT+06:00" name="setup" finished-at="2026-03-08T11:11:24 GMT+06:00" duration-ms="4900" status="PASS">
          <reporter-output>
          </reporter-output>
        </test-method> <!-- setup -->
        <test-method signature="loginTestWithValidCradentials(java.lang.String,java.lang.String)[pri:0, instance:tests.LoginTest@5ae50ce6]" started-at="2026-03-08T11:11:24 GMT+06:00" name="loginTestWithValidCradentials" data-provider="loginValidData" finished-at="2026-03-08T11:11:30 GMT+06:00" duration-ms="5628" status="PASS">
          <params>
            <param index="0">
              <value>
                <![CDATA[mansurworkplace@gmail.com]]>
              </value>
            </param>
            <param index="1">
              <value>
                <![CDATA[123456]]>
              </value>
            </param>
          </params>
          <reporter-output>
          </reporter-output>
        </test-method> <!-- loginTestWithValidCradentials -->
        <test-method is-config="true" signature="tearDown()[pri:0, instance:tests.LoginTest@5ae50ce6]" started-at="2026-03-08T11:11:30 GMT+06:00" name="tearDown" finished-at="2026-03-08T11:11:30 GMT+06:00" duration-ms="431" status="PASS">
          <reporter-output>
          </reporter-output>
        </test-method> <!-- tearDown -->
      </class> <!-- tests.LoginTest -->
    </test> <!-- Test -->
  </suite> <!-- Suite -->
</testng-results>
