<?xml version="1.0" encoding="UTF-8"?>
<!-- Generated by org.testng.reporters.JUnitReportReporter -->
<testsuite hostname="Mansur-Mahamud" failures="0" tests="4" name="tests.LoginTest" time="27.583" errors="0" timestamp="2026-03-08T18:54:14 GMT+06:00" skipped="0">
  <testcase classname="tests.LoginTest" name="loginTestWithInvalidCradentials" time="4.947"/>
  <testcase classname="tests.LoginTest" name="loginTestWithInvalidCradentials" time="12.440"/>
  <testcase classname="tests.LoginTest" name="loginTestWithValidCradentials" time="4.998"/>
  <testcase classname="tests.LoginTest" name="loginTestWithValidCradentials" time="5.198"/>
</testsuite> <!-- tests.LoginTest -->
