<?xml version="1.0" encoding="UTF-8"?>
<!-- Generated by org.testng.reporters.JUnitReportReporter -->
<testsuite hostname="Mansur-Mahamud" failures="0" tests="4" name="tests.LoginTest" time="54.277" errors="0" timestamp="2026-03-08T11:11:30 GMT+06:00" skipped="0">
  <testcase classname="tests.LoginTest" name="loginTestWithValidCradentials" time="11.036"/>
  <testcase classname="tests.LoginTest" name="loginTestWithValidCradentials" time="11.860"/>
  <testcase classname="tests.LoginTest" name="loginTestWithInvalidCradentials" time="20.898"/>
  <testcase classname="tests.LoginTest" name="loginTestWithInvalidCradentials" time="10.483"/>
</testsuite> <!-- tests.LoginTest -->
